c:\users\administrator\desktop\win32project1\win32project1\debug\vc120.pdb
c:\users\administrator\desktop\win32project1\win32project1\debug\vc120.idb
c:\users\administrator\desktop\win32project1\win32project1\debug\bmp.obj
c:\users\administrator\desktop\win32project1\win32project1\debug\boss.obj
c:\users\administrator\desktop\win32project1\win32project1\debug\bossmissile.obj
c:\users\administrator\desktop\win32project1\win32project1\debug\dsutil.obj
c:\users\administrator\desktop\win32project1\win32project1\debug\enemy.obj
c:\users\administrator\desktop\win32project1\win32project1\debug\enemymissile.obj
c:\users\administrator\desktop\win32project1\win32project1\debug\exploding.obj
c:\users\administrator\desktop\win32project1\win32project1\debug\gamemain.obj
c:\users\administrator\desktop\win32project1\win32project1\debug\gobject.obj
c:\users\administrator\desktop\win32project1\win32project1\debug\initdirectx.obj
c:\users\administrator\desktop\win32project1\win32project1\debug\main.obj
c:\users\administrator\desktop\win32project1\win32project1\debug\mymissile.obj
c:\users\administrator\desktop\win32project1\win32project1\debug\myship.obj
c:\users\administrator\desktop\win32project1\win32project1\debug\myship2.obj
c:\users\administrator\desktop\win32project1\win32project1\debug\random.obj
c:\users\administrator\desktop\win32project1\win32project1\debug\sprite.obj
c:\users\administrator\desktop\win32project1\win32project1\debug\timer.obj
c:\users\administrator\desktop\win32project1\win32project1\debug\background.obj
c:\users\administrator\desktop\win32project1\debug\win32project1.ilk
c:\users\administrator\desktop\win32project1\debug\win32project1.exe
c:\users\administrator\desktop\win32project1\debug\win32project1.pdb
c:\users\administrator\desktop\win32project1\debug\win32project1.lib
c:\users\administrator\desktop\win32project1\debug\win32project1.exp
c:\users\administrator\desktop\win32project1\win32project1\debug\win32project1.tlog\cl.command.1.tlog
c:\users\administrator\desktop\win32project1\win32project1\debug\win32project1.tlog\cl.read.1.tlog
c:\users\administrator\desktop\win32project1\win32project1\debug\win32project1.tlog\cl.write.1.tlog
c:\users\administrator\desktop\win32project1\win32project1\debug\win32project1.tlog\link.command.1.tlog
c:\users\administrator\desktop\win32project1\win32project1\debug\win32project1.tlog\link.read.1.tlog
c:\users\administrator\desktop\win32project1\win32project1\debug\win32project1.tlog\link.write.1.tlog
c:\users\administrator\desktop\win32project1\win32project1\debug\win32project1.tlog\win32project1.write.1u.tlog
